<?xml version="1.0" encoding="UTF-8"?>
<testsuite name="tourGuide.service.UserServiceTest" tests="1" skipped="0" failures="0" errors="0" timestamp="2023-06-24T13:38:01" hostname="Shizukas-MacBook-Air.local" time="1.273">
  <properties/>
  <testcase name="updateUserPreferencesTest" classname="tourGuide.service.UserServiceTest" time="1.273"/>
  <system-out><![CDATA[15:38:02.088 [Test worker] INFO tourGuide.service.TourGuideService - TestMode enabled
15:38:02.154 [Test worker] DEBUG tourGuide.service.TourGuideService - Initializing users
15:38:02.156 [Test worker] DEBUG tourGuide.service.TourGuideService - Creating 1 internal test users.
15:38:02.506 [Test worker] DEBUG tourGuide.service.TourGuideService - Created 1 internal test users.
15:38:02.507 [Test worker] DEBUG tourGuide.service.TourGuideService - Finished initializing users
15:38:02.513 [pool-2-thread-1] INFO tourGuide.tracker.Tracker - starting tracking in Tracker
15:38:02.523 [pool-2-thread-1] DEBUG tourGuide.tracker.Tracker - Begin Tracker. Tracking 2 users.
15:38:02.525 [Test worker] INFO tourGuide.tracker.Tracker - stopping tracking in Tracker
]]></system-out>
  <system-err><![CDATA[Jun 24, 2023 3:38:02 PM org.javamoney.moneta.DefaultMonetaryContextFactory createMonetaryContextNonNullConfig
INFO: Using custom MathContext: precision=256, roundingMode=HALF_EVEN
]]></system-err>
</testsuite>
